[2025-12-29 18:13:50] To: test-1767028426@example.com | Subject: Welkom bij GlamourSchedule - Voltooi je bedrijfspagina!
[2025-12-29 18:20:49] To: test-1767028849@testmail.nl | Subject: Bevestig je GlamourSchedule account - Code: 721489
[2025-12-29 18:21:23] To: test1767028883@mail.nl | Subject: Bevestig je GlamourSchedule account - Code: 318421
[2025-12-29 18:27:29] To: glamourtest1767029249@testbedrijf.nl | Subject: Bevestig je GlamourSchedule account - Code: 750934
[2026-01-01 20:58:07] [ATTEMPT] To: test@glamourschedule.nl | Subject: Test Email
[2026-01-01 20:58:07] [SUCCESS] To: test@glamourschedule.nl | Subject: Test Email
[2026-01-01 22:31:05] [ATTEMPT] To: jjt-services@outlook.com | Subject: Boekingsbevestiging #GSB4029A81 - GlamourSchedule
[2026-01-01 22:31:05] [SUCCESS] To: jjt-services@outlook.com | Subject: Boekingsbevestiging #GSB4029A81 - GlamourSchedule
[2026-01-01 22:31:05] [ATTEMPT] To: info@salonglamour.nl | Subject: Nieuwe boeking #GSB4029A81 - jesse
[2026-01-01 22:31:05] [SUCCESS] To: info@salonglamour.nl | Subject: Nieuwe boeking #GSB4029A81 - jesse
[2026-01-01 22:34:57] [ATTEMPT] To: jjt-services@outlook.com | Subject: Wachtwoord herstellen - GlamourSchedule
[2026-01-01 22:34:57] [SUCCESS] To: jjt-services@outlook.com | Subject: Wachtwoord herstellen - GlamourSchedule
[2026-01-01 23:09:19] [ATTEMPT] To: jjt-services@outlook.com | Subject: Boekingsbevestiging #GSA5D0E7E7 - GlamourSchedule
[2026-01-01 23:09:19] [SUCCESS] To: jjt-services@outlook.com | Subject: Boekingsbevestiging #GSA5D0E7E7 - GlamourSchedule
[2026-01-01 23:09:19] [ATTEMPT] To: info@salonglamour.nl | Subject: Nieuwe boeking #GSA5D0E7E7 - JJT-Services
[2026-01-01 23:09:19] [SUCCESS] To: info@salonglamour.nl | Subject: Nieuwe boeking #GSA5D0E7E7 - JJT-Services
[2026-01-01 23:13:02] [ATTEMPT] To: jesse13joe@gmail.com | Subject: Boekingsbevestiging #GS7F9434EE - GlamourSchedule
[2026-01-01 23:13:02] [SUCCESS] To: jesse13joe@gmail.com | Subject: Boekingsbevestiging #GS7F9434EE - GlamourSchedule
[2026-01-01 23:13:02] [ATTEMPT] To: info@salonglamour.nl | Subject: Nieuwe boeking #GS7F9434EE - Jesse-Joe Tyson
[2026-01-01 23:13:02] [SUCCESS] To: info@salonglamour.nl | Subject: Nieuwe boeking #GS7F9434EE - Jesse-Joe Tyson
[2026-01-03 20:29:36] [ATTEMPT] To: jesse13joe@gmail.com | Subject: GlamourSchedule - Bevestig je e-mailadres
[2026-01-03 20:29:36] [SUCCESS] To: jesse13joe@gmail.com | Subject: GlamourSchedule - Bevestig je e-mailadres
[2026-01-03 20:31:06] [ATTEMPT] To: jjt-services@outlook.com | Subject: Bevestig je GlamourSchedule account - Code: 925059
[2026-01-03 20:31:06] [SUCCESS] To: jjt-services@outlook.com | Subject: Bevestig je GlamourSchedule account - Code: 925059
[2026-01-03 20:31:20] [ATTEMPT] To: jjt-services@outlook.com | Subject: Welkom bij GlamourSchedule - Je account is geactiveerd!
[2026-01-03 20:31:20] [SUCCESS] To: jjt-services@outlook.com | Subject: Welkom bij GlamourSchedule - Je account is geactiveerd!
[2026-01-03 20:43:59] [ATTEMPT] To: jjt-services@outlook.com | Subject: GlamourSchedule - Inlogcode
[2026-01-03 20:43:59] [SUCCESS] To: jjt-services@outlook.com | Subject: GlamourSchedule - Inlogcode
[2026-01-03 22:08:34] [ATTEMPT] To: jesse13joe@gmail.com | Subject: GlamourSchedule - Inlogcode
[2026-01-03 22:08:34] [SUCCESS] To: jesse13joe@gmail.com | Subject: GlamourSchedule - Inlogcode
[2026-01-04 17:46:34] [ATTEMPT] To: jjt-services@outlook.com | Subject: GlamourSchedule - Inlogcode
[2026-01-04 17:46:34] [SUCCESS] To: jjt-services@outlook.com | Subject: GlamourSchedule - Inlogcode
[2026-01-04 18:23:11] [ATTEMPT] To: jjt-services@outlook.com | Subject: GlamourSchedule - Inlogcode
[2026-01-04 18:23:11] [SUCCESS] To: jjt-services@outlook.com | Subject: GlamourSchedule - Inlogcode
[2026-01-04 18:33:04] [ATTEMPT] To: jesse13joe@gmail.com | Subject: GlamourSchedule - Inlogcode
[2026-01-04 18:33:04] [SUCCESS] To: jesse13joe@gmail.com | Subject: GlamourSchedule - Inlogcode
[2026-01-04 18:35:19] [ATTEMPT] To: jjt-services@outlook.com | Subject: GlamourSchedule - Inlogcode
[2026-01-04 18:35:19] [SUCCESS] To: jjt-services@outlook.com | Subject: GlamourSchedule - Inlogcode
[2026-01-04 19:19:59] [ATTEMPT] To: jjt-services@outlook.com | Subject: GlamourSchedule - Inlogcode
[2026-01-04 19:19:59] [SUCCESS] To: jjt-services@outlook.com | Subject: GlamourSchedule - Inlogcode
[2026-01-04 19:27:34] [ATTEMPT] To: jjt-services@outlook.com | Subject: Wachtwoord herstellen - GlamourSchedule
[2026-01-04 19:27:34] [SUCCESS] To: jjt-services@outlook.com | Subject: Wachtwoord herstellen - GlamourSchedule
[2026-01-04 19:27:57] [ATTEMPT] To: jjt-services@outlook.com | Subject: Je wachtwoord is gewijzigd - GlamourSchedule
[2026-01-04 19:27:57] [SUCCESS] To: jjt-services@outlook.com | Subject: Je wachtwoord is gewijzigd - GlamourSchedule
[2026-01-04 19:28:07] [ATTEMPT] To: jjt-services@outlook.com | Subject: GlamourSchedule - Inlogcode
[2026-01-04 19:28:07] [SUCCESS] To: jjt-services@outlook.com | Subject: GlamourSchedule - Inlogcode
[2026-01-04 19:32:35] [ATTEMPT] To: jjt-services@outlook.com | Subject: GlamourSchedule - Inlogcode
[2026-01-04 19:32:35] [SUCCESS] To: jjt-services@outlook.com | Subject: GlamourSchedule - Inlogcode
[2026-01-04 19:35:05] [ATTEMPT] To: jjt-services@outlook.com | Subject: GlamourSchedule - Inlogcode
[2026-01-04 19:35:05] [SUCCESS] To: jjt-services@outlook.com | Subject: GlamourSchedule - Inlogcode
[2026-01-04 19:40:07] [ATTEMPT] To: jesse13joe@gmail.com | Subject: GlamourSchedule - Inlogcode
[2026-01-04 19:40:07] [SUCCESS] To: jesse13joe@gmail.com | Subject: GlamourSchedule - Inlogcode
[2026-01-04 19:40:41] [ATTEMPT] To: jjt-services@outlook.com | Subject: GlamourSchedule - Inlogcode
[2026-01-04 19:40:41] [SUCCESS] To: jjt-services@outlook.com | Subject: GlamourSchedule - Inlogcode
[2026-01-04 20:07:49] [ATTEMPT] To: jjt-services@outlook.com | Subject: GlamourSchedule - Inlogcode
[2026-01-04 20:07:49] [SUCCESS] To: jjt-services@outlook.com | Subject: GlamourSchedule - Inlogcode
[2026-01-04 20:17:47] [ATTEMPT] To: jjt-services@outlook.com | Subject: GlamourSchedule - Inlogcode
[2026-01-04 20:17:47] [SUCCESS] To: jjt-services@outlook.com | Subject: GlamourSchedule - Inlogcode
[2026-01-04 21:07:34] [ATTEMPT] To: jjt-services@outlook.com | Subject: GlamourSchedule - Inlogcode
[2026-01-04 21:07:34] [SUCCESS] To: jjt-services@outlook.com | Subject: GlamourSchedule - Inlogcode
[2026-01-04 21:43:52] [ATTEMPT] To: jjt-services@outlook.com | Subject: GlamourSchedule - Inlogcode
[2026-01-04 21:43:52] [SUCCESS] To: jjt-services@outlook.com | Subject: GlamourSchedule - Inlogcode
[2026-01-04 22:00:50] [ATTEMPT] To: jjt-services@outlook.com | Subject: IBAN Geverifieerd - GlamourSchedule
[2026-01-04 22:00:50] [SUCCESS] To: jjt-services@outlook.com | Subject: IBAN Geverifieerd - GlamourSchedule
[2026-01-04 22:25:40] [ATTEMPT] To: testpartner@test.nl | Subject: Welkom als GlamourSchedule Sales Partner!
[2026-01-04 22:25:40] [SUCCESS] To: testpartner@test.nl | Subject: Welkom als GlamourSchedule Sales Partner!
[2026-01-04 22:25:47] [ATTEMPT] To: testpartner2@test.nl | Subject: Welkom als GlamourSchedule Sales Partner!
[2026-01-04 22:25:47] [SUCCESS] To: testpartner2@test.nl | Subject: Welkom als GlamourSchedule Sales Partner!
[2026-01-04 22:26:06] [ATTEMPT] To: testpartner3@example.nl | Subject: Welkom als GlamourSchedule Sales Partner!
[2026-01-04 22:26:06] [SUCCESS] To: testpartner3@example.nl | Subject: Welkom als GlamourSchedule Sales Partner!
[2026-01-04 22:30:38] [ATTEMPT] To: jesse13joe@gmail.com | Subject: GlamourSchedule - Inlogcode
[2026-01-04 22:30:38] [SUCCESS] To: jesse13joe@gmail.com | Subject: GlamourSchedule - Inlogcode
[2026-01-04 22:31:43] [ATTEMPT] To: jesse13joe@gmail.com | Subject: Boekingsbevestiging #GS21B672E4 - GlamourSchedule
[2026-01-04 22:31:43] [SUCCESS] To: jesse13joe@gmail.com | Subject: Boekingsbevestiging #GS21B672E4 - GlamourSchedule
[2026-01-04 22:31:43] [ATTEMPT] To: jjt-services@outlook.com | Subject: Nieuwe boeking #GS21B672E4 - Jesse-Joe Tyson
[2026-01-04 22:31:43] [SUCCESS] To: jjt-services@outlook.com | Subject: Nieuwe boeking #GS21B672E4 - Jesse-Joe Tyson
[2026-01-04 22:37:33] [ATTEMPT] To: jjt-services@outlook.com | Subject: GlamourSchedule - Inlogcode
[2026-01-04 22:37:33] [SUCCESS] To: jjt-services@outlook.com | Subject: GlamourSchedule - Inlogcode
[2026-01-04 22:46:13] [ATTEMPT] To: jesse13joe@gmail.com | Subject: GlamourSchedule - Inlogcode
[2026-01-04 22:46:13] [SUCCESS] To: jesse13joe@gmail.com | Subject: GlamourSchedule - Inlogcode
[2026-01-04 22:47:11] [ATTEMPT] To: jesse13joe@gmail.com | Subject: Boekingsbevestiging #GSFBB53182 - GlamourSchedule
[2026-01-04 22:47:11] [SUCCESS] To: jesse13joe@gmail.com | Subject: Boekingsbevestiging #GSFBB53182 - GlamourSchedule
[2026-01-04 22:47:11] [ATTEMPT] To: jjt-services@outlook.com | Subject: Nieuwe boeking #GSFBB53182 - Jesse-Joe Tyson
[2026-01-04 22:47:11] [SUCCESS] To: jjt-services@outlook.com | Subject: Nieuwe boeking #GSFBB53182 - Jesse-Joe Tyson
[2026-01-04 22:53:17] [ATTEMPT] To: jesse13joe@gmail.com | Subject: GlamourSchedule - Inlogcode
[2026-01-04 22:53:17] [SUCCESS] To: jesse13joe@gmail.com | Subject: GlamourSchedule - Inlogcode
[2026-01-04 22:55:16] [ATTEMPT] To: jjt-services@outlook.com | Subject: GlamourSchedule - Inlogcode
[2026-01-04 22:55:16] [SUCCESS] To: jjt-services@outlook.com | Subject: GlamourSchedule - Inlogcode
[2026-01-04 23:39:51] [ATTEMPT] To: jesse13joe@gmail.com | Subject: GlamourSchedule - Inlogcode
[2026-01-04 23:39:51] [SUCCESS] To: jesse13joe@gmail.com | Subject: GlamourSchedule - Inlogcode
[2026-01-05 00:00:13] [ATTEMPT] To: jesse13joe@gmail.com | Subject: GlamourSchedule - Inlogcode
[2026-01-05 00:00:13] [SUCCESS] To: jesse13joe@gmail.com | Subject: GlamourSchedule - Inlogcode
[2026-01-05 00:13:55] [ATTEMPT] To: jesse13joe@gmail.com | Subject: Boekingsbevestiging #GS466C4FAD - GlamourSchedule
[2026-01-05 00:13:55] [SUCCESS] To: jesse13joe@gmail.com | Subject: Boekingsbevestiging #GS466C4FAD - GlamourSchedule
[2026-01-05 00:13:55] [ATTEMPT] To: jjt-services@outlook.com | Subject: Nieuwe boeking #GS466C4FAD - Jesse-Joe Tyson
[2026-01-05 00:13:55] [SUCCESS] To: jjt-services@outlook.com | Subject: Nieuwe boeking #GS466C4FAD - Jesse-Joe Tyson
[2026-01-05 00:15:31] [ATTEMPT] To: jjt-services@outlook.com | Subject: GlamourSchedule - Inlogcode
[2026-01-05 00:15:31] [SUCCESS] To: jjt-services@outlook.com | Subject: GlamourSchedule - Inlogcode
[2026-01-05 00:17:09] [ATTEMPT] To: jesse13joe@gmail.com | Subject: Check-in bevestigd - JJT-Services
[2026-01-05 00:17:09] [SUCCESS] To: jesse13joe@gmail.com | Subject: Check-in bevestigd - JJT-Services
[2026-01-05 00:44:56] [ATTEMPT] To: jesse13joe@gmail.com | Subject: GlamourSchedule - Inlogcode
[2026-01-05 00:44:56] [SUCCESS] To: jesse13joe@gmail.com | Subject: GlamourSchedule - Inlogcode
[2026-01-05 00:56:41] [ATTEMPT] To: jesse13joe@gmail.com | Subject: Boeking geannuleerd - #GS21B672E4
[2026-01-05 00:56:41] [SUCCESS] To: jesse13joe@gmail.com | Subject: Boeking geannuleerd - #GS21B672E4
[2026-01-05 00:56:41] [ATTEMPT] To: jjt-services@outlook.com | Subject: Boeking geannuleerd - #GS21B672E4
[2026-01-05 00:56:41] [SUCCESS] To: jjt-services@outlook.com | Subject: Boeking geannuleerd - #GS21B672E4
[2026-01-05 01:02:33] [ATTEMPT] To: jesse13joe@gmail.com | Subject: Boeking geannuleerd - #GSFBB53182
[2026-01-05 01:02:33] [SUCCESS] To: jesse13joe@gmail.com | Subject: Boeking geannuleerd - #GSFBB53182
[2026-01-05 01:02:33] [ATTEMPT] To: jjt-services@outlook.com | Subject: Boeking geannuleerd - #GSFBB53182
[2026-01-05 01:02:33] [SUCCESS] To: jjt-services@outlook.com | Subject: Boeking geannuleerd - #GSFBB53182
[2026-01-05 01:14:25] [ATTEMPT] To: jesse13joe@gmail.com | Subject: GlamourSchedule - Inlogcode
[2026-01-05 01:14:26] [SUCCESS] To: jesse13joe@gmail.com | Subject: GlamourSchedule - Inlogcode
[2026-01-05 01:31:06] [ATTEMPT] To: jesse13joe@gmail.com | Subject: GlamourSchedule - Inlogcode
[2026-01-05 01:31:06] [SUCCESS] To: jesse13joe@gmail.com | Subject: GlamourSchedule - Inlogcode
[2026-01-05 00:53:35] [ATTEMPT] To: jesse13joe@gmail.com | Subject: Nieuw op GlamourSchedule: Test Salon in Amsterdam!
[2026-01-05 00:53:35] [SUCCESS] To: jesse13joe@gmail.com | Subject: Nieuw op GlamourSchedule: Test Salon in Amsterdam!
[2026-01-05 00:53:35] [ATTEMPT] To: jesse13joe@gmail.com | Subject: Afspraak Herinnering - Morgen om 14:00
[2026-01-05 00:53:35] [SUCCESS] To: jesse13joe@gmail.com | Subject: Afspraak Herinnering - Morgen om 14:00
[2026-01-05 02:08:26] [ATTEMPT] To: tweedespotifymail123@gmail.com | Subject: Welkom als GlamourSchedule Sales Partner!
[2026-01-05 02:08:26] [SUCCESS] To: tweedespotifymail123@gmail.com | Subject: Welkom als GlamourSchedule Sales Partner!
[2026-01-05 02:50:09] [ATTEMPT] To: jesse13joe@gmail.com | Subject: Boekingsbevestiging #GS8D2DD25F - GlamourSchedule
[2026-01-05 02:50:09] [SUCCESS] To: jesse13joe@gmail.com | Subject: Boekingsbevestiging #GS8D2DD25F - GlamourSchedule
[2026-01-05 02:50:09] [ATTEMPT] To: jjt-services@outlook.com | Subject: Nieuwe boeking #GS8D2DD25F - Jesse-Joe Tyson
[2026-01-05 02:50:09] [SUCCESS] To: jjt-services@outlook.com | Subject: Nieuwe boeking #GS8D2DD25F - Jesse-Joe Tyson
[2026-01-05 02:55:27] [ATTEMPT] To: support@glamourschedule.com | Subject: [GS-AA6DEF60] Bug / Fout: Test
[2026-01-05 02:55:27] [SUCCESS] To: support@glamourschedule.com | Subject: [GS-AA6DEF60] Bug / Fout: Test
[2026-01-05 02:55:27] [ATTEMPT] To: jjt-services@outlook.com | Subject: [GS-AA6DEF60] Bug / Fout: Test
[2026-01-05 02:55:27] [SUCCESS] To: jjt-services@outlook.com | Subject: [GS-AA6DEF60] Bug / Fout: Test
[2026-01-05 02:55:27] [ATTEMPT] To: jesse13joe@gmail.com | Subject: Bevestiging: Je bericht is ontvangen [GS-AA6DEF60]
[2026-01-05 02:55:27] [SUCCESS] To: jesse13joe@gmail.com | Subject: Bevestiging: Je bericht is ontvangen [GS-AA6DEF60]
[2026-01-05 02:55:47] [ATTEMPT] To: support@glamourschedule.com | Subject: [GS-4A93FD5A] Bug / Fout: Test Contact Formulier
[2026-01-05 02:55:47] [SUCCESS] To: support@glamourschedule.com | Subject: [GS-4A93FD5A] Bug / Fout: Test Contact Formulier
[2026-01-05 02:55:47] [ATTEMPT] To: jjt-services@outlook.com | Subject: [GS-4A93FD5A] Bug / Fout: Test Contact Formulier
[2026-01-05 02:55:47] [SUCCESS] To: jjt-services@outlook.com | Subject: [GS-4A93FD5A] Bug / Fout: Test Contact Formulier
[2026-01-05 02:55:47] [ATTEMPT] To: jesse13joe@gmail.com | Subject: Bevestiging: Je bericht is ontvangen [GS-4A93FD5A]
[2026-01-05 02:55:47] [SUCCESS] To: jesse13joe@gmail.com | Subject: Bevestiging: Je bericht is ontvangen [GS-4A93FD5A]
[2026-01-05 02:56:15] [ATTEMPT] To: support@glamourschedule.com | Subject: [GS-C4FC201C] Bug / Fout: Test Contact Formulier
[2026-01-05 02:56:15] [SUCCESS] To: support@glamourschedule.com | Subject: [GS-C4FC201C] Bug / Fout: Test Contact Formulier
[2026-01-05 02:56:15] [ATTEMPT] To: jjt-services@outlook.com | Subject: [GS-C4FC201C] Bug / Fout: Test Contact Formulier
[2026-01-05 02:56:15] [SUCCESS] To: jjt-services@outlook.com | Subject: [GS-C4FC201C] Bug / Fout: Test Contact Formulier
[2026-01-05 02:56:15] [ATTEMPT] To: jesse13joe@gmail.com | Subject: Bevestiging: Je bericht is ontvangen [GS-C4FC201C]
[2026-01-05 02:56:15] [SUCCESS] To: jesse13joe@gmail.com | Subject: Bevestiging: Je bericht is ontvangen [GS-C4FC201C]
[2026-01-05 03:00:41] [ATTEMPT] To: tweedespotifymail123@gmail.com | Subject: Je verificatiecode: 606596
[2026-01-05 03:00:41] [SUCCESS] To: tweedespotifymail123@gmail.com | Subject: Je verificatiecode: 606596
[2026-01-05 11:36:59] [ATTEMPT] To: support@glamourschedule.com | Subject: [GS-A22DF0F3] Probleem / Hulp: Hi  i wrote about     price
[2026-01-05 11:36:59] [SUCCESS] To: support@glamourschedule.com | Subject: [GS-A22DF0F3] Probleem / Hulp: Hi  i wrote about     price
[2026-01-05 11:36:59] [ATTEMPT] To: jjt-services@outlook.com | Subject: [GS-A22DF0F3] Probleem / Hulp: Hi  i wrote about     price
[2026-01-05 11:36:59] [SUCCESS] To: jjt-services@outlook.com | Subject: [GS-A22DF0F3] Probleem / Hulp: Hi  i wrote about     price
[2026-01-05 11:36:59] [ATTEMPT] To: dinanikolskaya99@gmail.com | Subject: Bevestiging: Je bericht is ontvangen [GS-A22DF0F3]
[2026-01-05 11:36:59] [SUCCESS] To: dinanikolskaya99@gmail.com | Subject: Bevestiging: Je bericht is ontvangen [GS-A22DF0F3]
[2026-01-05 13:49:46] [ATTEMPT] To: jesse13joe@gmail.com | Subject: GlamourSchedule - Inlogcode
[2026-01-05 13:49:46] [SUCCESS] To: jesse13joe@gmail.com | Subject: GlamourSchedule - Inlogcode
[2026-01-05 13:52:18] [ATTEMPT] To: jesse13joe@gmail.com | Subject: Boekingsbevestiging #GSEEF7D058 - GlamourSchedule
[2026-01-05 13:52:18] [SUCCESS] To: jesse13joe@gmail.com | Subject: Boekingsbevestiging #GSEEF7D058 - GlamourSchedule
[2026-01-05 13:52:18] [ATTEMPT] To: jjt-services@outlook.com | Subject: Nieuwe boeking #GSEEF7D058 - Jesse-Joe Tyson
[2026-01-05 13:52:18] [SUCCESS] To: jjt-services@outlook.com | Subject: Nieuwe boeking #GSEEF7D058 - Jesse-Joe Tyson
[2026-01-05 13:55:08] [ATTEMPT] To: jjt-services@outlook.com | Subject: GlamourSchedule - Inlogcode
[2026-01-05 13:55:08] [SUCCESS] To: jjt-services@outlook.com | Subject: GlamourSchedule - Inlogcode
[2026-01-05 13:56:23] [ATTEMPT] To: jesse13joe@gmail.com | Subject: Check-in bevestigd - JJT-Services
[2026-01-05 13:56:23] [SUCCESS] To: jesse13joe@gmail.com | Subject: Check-in bevestigd - JJT-Services
[2026-01-05 14:00:02] [ATTEMPT] To: jesse13joe@gmail.com | Subject: Herinnering: Morgen afspraak bij JJT-Services
[2026-01-05 14:00:02] [SUCCESS] To: jesse13joe@gmail.com | Subject: Herinnering: Morgen afspraak bij JJT-Services
[2026-01-06 12:59:24] [ATTEMPT] To: support@glamourschedule.com | Subject: [GS-6C6A438F] Overig: 29fzd7
[2026-01-06 12:59:24] [SUCCESS] To: support@glamourschedule.com | Subject: [GS-6C6A438F] Overig: 29fzd7
[2026-01-06 12:59:24] [ATTEMPT] To: jjt-services@outlook.com | Subject: [GS-6C6A438F] Overig: 29fzd7
[2026-01-06 12:59:24] [SUCCESS] To: jjt-services@outlook.com | Subject: [GS-6C6A438F] Overig: 29fzd7
[2026-01-06 12:59:24] [ATTEMPT] To: ydx~nwa9pwyxz@mailbox.in.ua | Subject: Bevestiging: Je bericht is ontvangen [GS-6C6A438F]
[2026-01-06 12:59:24] [SUCCESS] To: ydx~nwa9pwyxz@mailbox.in.ua | Subject: Bevestiging: Je bericht is ontvangen [GS-6C6A438F]
[2026-01-06 12:59:26] [ATTEMPT] To: support@glamourschedule.com | Subject: [GS-F3A43E08] Overig: 29fzd7
[2026-01-06 12:59:26] [SUCCESS] To: support@glamourschedule.com | Subject: [GS-F3A43E08] Overig: 29fzd7
[2026-01-06 12:59:26] [ATTEMPT] To: jjt-services@outlook.com | Subject: [GS-F3A43E08] Overig: 29fzd7
[2026-01-06 12:59:26] [SUCCESS] To: jjt-services@outlook.com | Subject: [GS-F3A43E08] Overig: 29fzd7
[2026-01-06 12:59:26] [ATTEMPT] To: ydx~nwa9pwyxz@mailbox.in.ua | Subject: Bevestiging: Je bericht is ontvangen [GS-F3A43E08]
[2026-01-06 12:59:26] [SUCCESS] To: ydx~nwa9pwyxz@mailbox.in.ua | Subject: Bevestiging: Je bericht is ontvangen [GS-F3A43E08]
[2026-01-06 12:59:31] [ATTEMPT] To: ydx~nwa9pwyxz@mailbox.in.ua | Subject: GlamourSchedule - Bevestig je e-mailadres
[2026-01-06 12:59:31] [SUCCESS] To: ydx~nwa9pwyxz@mailbox.in.ua | Subject: GlamourSchedule - Bevestig je e-mailadres
[2026-01-06 12:59:36] [ATTEMPT] To: ydx~nwa9pwyxz@mailbox.in.ua | Subject: GlamourSchedule - Bevestig je e-mailadres
[2026-01-06 12:59:36] [SUCCESS] To: ydx~nwa9pwyxz@mailbox.in.ua | Subject: GlamourSchedule - Bevestig je e-mailadres
[2026-01-06 13:00:01] [ATTEMPT] To: jesse13joe@gmail.com | Subject: Herinnering: Morgen afspraak bij JJT-Services
[2026-01-06 13:00:01] [SUCCESS] To: jesse13joe@gmail.com | Subject: Herinnering: Morgen afspraak bij JJT-Services
[2026-01-06 14:00:01] [ATTEMPT] To: jesse13joe@gmail.com | Subject: Herinnering: Morgen afspraak bij JJT-Services
[2026-01-06 14:00:01] [SUCCESS] To: jesse13joe@gmail.com | Subject: Herinnering: Morgen afspraak bij JJT-Services
[2026-01-06 14:02:40] [ATTEMPT] To: chenayra6@gmail.com | Subject: GlamourSchedule - Bevestig je e-mailadres
[2026-01-06 14:02:40] [SUCCESS] To: chenayra6@gmail.com | Subject: GlamourSchedule - Bevestig je e-mailadres
[2026-01-06 16:00:01] [ATTEMPT] To: jesse13joe@gmail.com | Subject: Herinnering: Morgen afspraak bij JJT-Services
[2026-01-06 16:00:01] [SUCCESS] To: jesse13joe@gmail.com | Subject: Herinnering: Morgen afspraak bij JJT-Services
[2026-01-07 10:00:01] [ATTEMPT] To: jesse13joe@gmail.com | Subject: Herinnering: Morgen afspraak bij JJT-Services
[2026-01-07 10:00:01] [SUCCESS] To: jesse13joe@gmail.com | Subject: Herinnering: Morgen afspraak bij JJT-Services
[2026-01-08 10:13:18] [ATTEMPT] To: jjt-services@outlook.com | Subject: GlamourSchedule - Inlogcode
[2026-01-08 10:13:18] [SUCCESS] To: jjt-services@outlook.com | Subject: GlamourSchedule - Inlogcode
[2026-01-13 13:25:15] [ATTEMPT] To: test1768307115@example.com | Subject: GlamourSchedule - Bevestig je e-mailadres
[2026-01-13 13:25:15] [SUCCESS] To: test1768307115@example.com | Subject: GlamourSchedule - Bevestig je e-mailadres
[2026-01-13 14:03:17] [ATTEMPT] To: salon1768309392@example.com | Subject: Bevestig je GlamourSchedule account - Code: 889784
[2026-01-13 14:03:17] [SUCCESS] To: salon1768309392@example.com | Subject: Bevestig je GlamourSchedule account - Code: 889784
[2026-01-13 14:21:47] [ATTEMPT] To: salon1768309392@example.com | Subject: GlamourSchedule - Inlogcode
[2026-01-13 14:21:47] [SUCCESS] To: salon1768309392@example.com | Subject: GlamourSchedule - Inlogcode
[2026-01-13 14:49:00] [ATTEMPT] To: chenayra6@gmail.com | Subject: Welkom! Je Sales Partner account is actief
[2026-01-13 14:49:00] [SUCCESS] To: chenayra6@gmail.com | Subject: Welkom! Je Sales Partner account is actief
[2026-01-13 18:14:02] [ATTEMPT] To: test-1768328042@example.com | Subject: Test Email - 2026-01-13 18:14:02
[2026-01-13 18:14:02] [SUCCESS] To: test-1768328042@example.com | Subject: Test Email - 2026-01-13 18:14:02
[2026-01-13 19:30:23] [ATTEMPT] To: usertest1768329022@test-glamour.nl | Subject: GlamourSchedule - Bevestig je e-mailadres
[2026-01-13 19:30:23] [SUCCESS] To: usertest1768329022@test-glamour.nl | Subject: GlamourSchedule - Bevestig je e-mailadres
[2026-01-14 15:40:05] [ATTEMPT] To: jesse13joe@gmail.com | Subject: Welkom! Je Sales Partner account is actief
[2026-01-14 15:40:05] [SUCCESS] To: jesse13joe@gmail.com | Subject: Welkom! Je Sales Partner account is actief
[2026-01-14 15:40:09] [ATTEMPT] To: chenayra6@gmail.com | Subject: GlamourSchedule - Bevestig je e-mailadres
[2026-01-14 15:40:09] [SUCCESS] To: chenayra6@gmail.com | Subject: GlamourSchedule - Bevestig je e-mailadres
[2026-01-14 15:40:53] [ATTEMPT] To: chenayra6@gmail.com | Subject: Je wachtwoord is gewijzigd - GlamourSchedule
[2026-01-14 15:40:53] [SUCCESS] To: chenayra6@gmail.com | Subject: Je wachtwoord is gewijzigd - GlamourSchedule
[2026-01-14 15:43:20] [ATTEMPT] To: jjt-services@outlook.com | Subject: 25 euro korting op GlamourSchedule - Exclusieve aanbieding
[2026-01-14 15:43:20] [SUCCESS] To: jjt-services@outlook.com | Subject: 25 euro korting op GlamourSchedule - Exclusieve aanbieding
[2026-01-14 16:54:19] [ATTEMPT] To: chenayra@glamourschedule.nl | Subject: Wachtwoord herstellen - GlamourSchedule
[2026-01-14 16:54:19] [SUCCESS] To: chenayra@glamourschedule.nl | Subject: Wachtwoord herstellen - GlamourSchedule
[2026-01-14 17:01:41] [ATTEMPT] To: chenayra@glamourschedule.nl | Subject: GlamourSchedule - Inlogcode
[2026-01-14 17:01:41] [SUCCESS] To: chenayra@glamourschedule.nl | Subject: GlamourSchedule - Inlogcode
[2026-01-14 19:34:11] [ATTEMPT] To: jjt-services@outlook.com | Subject: Voltooi je registratie - GlamourSchedule
[2026-01-14 19:34:11] [SUCCESS] To: jjt-services@outlook.com | Subject: Voltooi je registratie - GlamourSchedule
[2026-01-14 19:36:23] [ATTEMPT] To: jjt-services@outlook.com | Subject: Welkom bij GlamourSchedule!
[2026-01-14 19:36:23] [SUCCESS] To: jjt-services@outlook.com | Subject: Welkom bij GlamourSchedule!
[2026-01-14 19:38:57] [ATTEMPT] To: jjt-services@outlook.com | Subject: GlamourSchedule - Inlogcode
[2026-01-14 19:38:57] [SUCCESS] To: jjt-services@outlook.com | Subject: GlamourSchedule - Inlogcode
[2026-01-15 20:34:32] [ATTEMPT] To: jjt-services@outlook.com | Subject: Bevestig je GlamourSchedule account - Code: 436310
[2026-01-15 20:34:32] [SUCCESS] To: jjt-services@outlook.com | Subject: Bevestig je GlamourSchedule account - Code: 436310
[2026-01-15 20:34:47] [ATTEMPT] To: jjt-services@outlook.com | Subject: Welkom bij GlamourSchedule - Je account is geactiveerd!
[2026-01-15 20:34:47] [SUCCESS] To: jjt-services@outlook.com | Subject: Welkom bij GlamourSchedule - Je account is geactiveerd!
[2026-01-15 20:34:47] [ATTEMPT] To: chenayra6@gmail.com | Subject: Nieuw op GlamourSchedule: JJT-Services in Rotterdam!
[2026-01-15 20:34:47] [SUCCESS] To: chenayra6@gmail.com | Subject: Nieuw op GlamourSchedule: JJT-Services in Rotterdam!
[2026-01-15 22:48:36] [ATTEMPT] To: jesse13joe@gmail.com | Subject: GlamourSchedule - Bevestig je e-mailadres
[2026-01-15 22:48:36] [SUCCESS] To: jesse13joe@gmail.com | Subject: GlamourSchedule - Bevestig je e-mailadres
[2026-01-15 22:57:48] [ATTEMPT] To: jjt-services@outlook.com | Subject: GlamourSchedule - Inlogcode
[2026-01-15 22:57:48] [SUCCESS] To: jjt-services@outlook.com | Subject: GlamourSchedule - Inlogcode
[2026-01-15 23:13:53] [ATTEMPT] To: jjt-services@outlook.com | Subject: GlamourSchedule - Inlogcode
[2026-01-15 23:13:53] [SUCCESS] To: jjt-services@outlook.com | Subject: GlamourSchedule - Inlogcode
[2026-01-15 23:20:04] [ATTEMPT] To: jjt-services@outlook.com | Subject: GlamourSchedule - Inlogcode
[2026-01-15 23:20:04] [SUCCESS] To: jjt-services@outlook.com | Subject: GlamourSchedule - Inlogcode
[2026-01-15 23:47:21] [ATTEMPT] To: jesse13joe@gmail.com | Subject: Welkom! Je Sales Partner account is actief
[2026-01-15 23:47:21] [SUCCESS] To: jesse13joe@gmail.com | Subject: Welkom! Je Sales Partner account is actief
[2026-01-16 15:03:59] [ATTEMPT] To: chenayra6@gmail.com | Subject: Wachtwoord herstellen - GlamourSchedule
[2026-01-16 15:03:59] [SUCCESS] To: chenayra6@gmail.com | Subject: Wachtwoord herstellen - GlamourSchedule
[2026-01-16 15:05:40] [ATTEMPT] To: chenayra6@gmail.com | Subject: Je wachtwoord is gewijzigd - GlamourSchedule
[2026-01-16 15:05:40] [SUCCESS] To: chenayra6@gmail.com | Subject: Je wachtwoord is gewijzigd - GlamourSchedule
[2026-01-16 15:05:47] [ATTEMPT] To: chenayra6@gmail.com | Subject: GlamourSchedule - Inlogcode
[2026-01-16 15:05:47] [SUCCESS] To: chenayra6@gmail.com | Subject: GlamourSchedule - Inlogcode
[2026-01-16 15:32:36] [ATTEMPT] To: jjt-services@outlook.com | Subject: Bevestig je GlamourSchedule account - Code: 479527
[2026-01-16 15:32:36] [SUCCESS] To: jjt-services@outlook.com | Subject: Bevestig je GlamourSchedule account - Code: 479527
[2026-01-16 15:37:47] [ATTEMPT] To: jjt-services@outlook.com | Subject: Bevestig je GlamourSchedule account - Code: 643593
[2026-01-16 15:37:47] [SUCCESS] To: jjt-services@outlook.com | Subject: Bevestig je GlamourSchedule account - Code: 643593
[2026-01-16 15:37:58] [ATTEMPT] To: jjt-services@outlook.com | Subject: Welkom bij GlamourSchedule - Je account is geactiveerd!
[2026-01-16 15:37:58] [SUCCESS] To: jjt-services@outlook.com | Subject: Welkom bij GlamourSchedule - Je account is geactiveerd!
[2026-01-16 15:37:58] [ATTEMPT] To: chenayra6@gmail.com | Subject: Nieuw op GlamourSchedule: JJT-Services in Rotterdam!
[2026-01-16 15:37:58] [SUCCESS] To: chenayra6@gmail.com | Subject: Nieuw op GlamourSchedule: JJT-Services in Rotterdam!
[2026-01-16 15:46:17] [ATTEMPT] To: chenayra6@gmail.com | Subject: Je wachtwoord reset code: 387091
[2026-01-16 15:46:17] [SUCCESS] To: chenayra6@gmail.com | Subject: Je wachtwoord reset code: 387091
[2026-01-16 15:46:23] [ATTEMPT] To: chenayra6@gmail.com | Subject: Je wachtwoord reset code: 822218
[2026-01-16 15:46:23] [SUCCESS] To: chenayra6@gmail.com | Subject: Je wachtwoord reset code: 822218
